Start testing: Sep 18 18:53 UTC
----------------------------------------------------------
1/1 Testing: Lab1Tests
1/1 Test: Lab1Tests
Command: "/workspaces/workspace/labs/lab1/Lab1Tests"
Directory: /workspaces/workspace/labs/lab1
"Lab1Tests" start time: Sep 18 18:53 UTC
Output:
----------------------------------------------------------
[==========] Running 2 tests from 1 test suite.
[----------] Global test environment set-up.
[----------] 2 tests from ExampleTest
[ RUN      ] ExampleTest.BasicAssertions
[       OK ] ExampleTest.BasicAssertions (0 ms)
[ RUN      ] ExampleTest.StringComparison
[       OK ] ExampleTest.StringComparison (0 ms)
[----------] 2 tests from ExampleTest (0 ms total)

[----------] Global test environment tear-down
[==========] 2 tests from 1 test suite ran. (0 ms total)
[  PASSED  ] 2 tests.
<end of output>
Test time =   0.00 sec
----------------------------------------------------------
Test Passed.
"Lab1Tests" end time: Sep 18 18:53 UTC
"Lab1Tests" time elapsed: 00:00:00
----------------------------------------------------------

End testing: Sep 18 18:53 UTC
